AESCryptoWithSelfDestruct/files/build/intermediates/manifest_merge_blame_file/debug/manifest-merger-blame-debug-report.txt
1<?xml version="1.0" encoding="utf-8"?>
2<manifest xmlns:android="http://schemas.android.com/apk/res/android"
3    package="com.romankryvolapov.aescryptowithself_destruct"
4    android:versionCode="1"
5    android:versionName="1.0" >
6
7    <uses-sdk
8        android:minSdkVersion="22"
8-->src/main/AndroidManifest.xml
9        android:targetSdkVersion="29" />
9-->src/main/AndroidManifest.xml
10
11    <application
11-->src/main/AndroidManifest.xml:5:5-27:19
12        android:allowBackup="true"
12-->src/main/AndroidManifest.xml:6:9-35
13        android:appComponentFactory="androidx.core.app.CoreComponentFactory"
13-->[androidx.core:core:1.1.0] AndroidManifest.xml:24:18-86
14        android:debuggable="true"
15        android:icon="@mipmap/ic_launcher"
15-->src/main/AndroidManifest.xml:7:9-43
16        android:label="@string/app_name"
16-->src/main/AndroidManifest.xml:8:9-41
17        android:roundIcon="@mipmap/ic_launcher_round"
17-->src/main/AndroidManifest.xml:9:9-54
18        android:supportsRtl="true"
18-->src/main/AndroidManifest.xml:10:9-35
19        android:testOnly="true"
20        android:theme="@style/AppTheme" >
20-->src/main/AndroidManifest.xml:11:9-40
21        <activity
21-->src/main/AndroidManifest.xml:12:9-13:82
22            android:name="com.romankryvolapov.aescryptowithself_destruct.InternalActivity"
22-->src/main/AndroidManifest.xml:12:19-51
23            android:theme="@style/Theme.AppCompat.Light.NoActionBar" >
23-->src/main/AndroidManifest.xml:13:13-69
24>
25        </activity>
26        <activity
26-->src/main/AndroidManifest.xml:14:9-26:20
27            android:name="com.romankryvolapov.aescryptowithself_destruct.MainActivity"
27-->src/main/AndroidManifest.xml:15:13-41
28            android:theme="@style/Theme.AppCompat.Light.NoActionBar" >
28-->src/main/AndroidManifest.xml:16:13-69
29            <intent-filter>
29-->src/main/AndroidManifest.xml:17:13-25:29
30                <action android:name="android.intent.action.MAIN" />
30-->src/main/AndroidManifest.xml:18:17-69
30-->src/main/AndroidManifest.xml:18:25-66
31                <action android:name="android.intent.action.SEND" />
31-->src/main/AndroidManifest.xml:19:17-69
31-->src/main/AndroidManifest.xml:19:25-66
32
33                <category android:name="android.intent.category.LAUNCHER" />
33-->src/main/AndroidManifest.xml:21:17-77
33-->src/main/AndroidManifest.xml:21:27-74
34                <category android:name="android.intent.category.DEFAULT" />
34-->src/main/AndroidManifest.xml:22:17-76
34-->src/main/AndroidManifest.xml:22:27-73
35
36                <data android:mimeType="text/*" />
36-->src/main/AndroidManifest.xml:24:17-51
36-->src/main/AndroidManifest.xml:24:23-48
37            </intent-filter>
38        </activity>
39    </application>
40
41</manifest>